SF:src/PointController.jl
DA:68,4
DA:134,0
DA:137,0
DA:138,0
DA:140,0
DA:141,0
DA:143,0
DA:145,0
DA:146,0
DA:147,0
DA:153,0
DA:154,0
DA:157,0
DA:159,0
DA:162,0
DA:165,0
DA:166,0
DA:167,0
DA:169,0
DA:170,0
DA:171,0
DA:175,0
DA:176,0
DA:177,0
DA:178,0
DA:179,0
DA:181,0
DA:182,0
DA:187,0
DA:190,0
DA:193,0
DA:196,0
DA:203,0
DA:204,0
DA:205,0
DA:206,0
DA:207,0
DA:212,0
DA:213,0
DA:215,0
DA:216,0
DA:219,0
DA:222,0
DA:225,0
DA:228,0
DA:231,0
DA:233,0
DA:236,0
DA:237,0
DA:240,0
DA:244,0
DA:245,0
DA:246,0
DA:250,0
DA:251,0
DA:254,0
DA:255,0
DA:258,0
DA:259,0
DA:260,0
DA:262,0
DA:264,0
DA:266,0
DA:270,0
DA:271,0
DA:274,0
DA:285,0
DA:286,0
DA:291,0
DA:294,0
DA:295,0
DA:298,0
DA:299,0
DA:304,0
DA:305,0
DA:306,0
DA:307,0
DA:308,0
DA:309,0
DA:310,0
DA:311,0
DA:312,0
DA:313,0
DA:314,0
DA:315,0
DA:316,0
DA:317,0
DA:318,0
DA:319,0
DA:320,0
DA:322,0
DA:323,0
DA:324,0
DA:326,0
DA:335,0
DA:336,0
DA:337,0
DA:339,0
DA:344,0
DA:345,0
DA:355,4
DA:360,49
DA:361,4
DA:364,4
DA:366,4
DA:375,0
DA:376,0
DA:378,0
DA:379,0
DA:382,0
DA:383,0
DA:386,0
DA:390,0
DA:391,0
DA:394,0
DA:395,0
DA:397,0
DA:407,0
DA:408,0
DA:410,0
DA:411,0
DA:412,0
DA:413,0
DA:414,0
DA:415,0
DA:416,0
DA:417,0
DA:419,0
DA:420,0
DA:424,0
DA:432,0
DA:433,0
DA:434,0
DA:435,0
DA:437,0
DA:439,0
DA:449,0
DA:450,0
DA:452,0
DA:453,0
DA:454,0
DA:458,0
DA:480,14
DA:481,14
DA:483,7
DA:484,7
DA:486,0
DA:487,0
DA:506,2
DA:507,2
LH:12
LF:150
end_of_record
SF:src/input_handler.jl
DA:57,11
DA:58,11
DA:67,10
DA:68,10
DA:69,10
DA:77,3
DA:78,3
DA:79,3
DA:87,2
DA:88,2
DA:89,2
DA:97,0
DA:98,0
DA:109,12
DA:110,12
DA:112,12
DA:113,2
DA:114,2
DA:115,2
DA:119,20
DA:120,6
DA:121,6
DA:122,6
DA:126,14
DA:130,0
DA:141,7
DA:142,7
DA:144,14
DA:145,3
DA:146,3
DA:147,3
DA:151,11
DA:155,0
DA:165,18
DA:166,18
DA:175,2
DA:176,2
DA:189,3
DA:195,3
DA:198,2
DA:214,2
DA:215,2
DA:218,0
DA:219,0
LH:38
LF:44
end_of_record
SF:src/logging_config.jl
DA:42,15
DA:43,7
DA:46,7
DA:49,7
DA:51,7
DA:53,7
DA:57,0
DA:58,0
DA:59,0
DA:71,1
DA:72,1
DA:73,1
DA:74,1
DA:75,1
DA:77,0
DA:80,0
DA:89,1
DA:90,1
DA:91,1
DA:92,1
DA:100,1
DA:101,1
DA:109,1
DA:110,1
DA:111,1
DA:122,2
DA:123,2
DA:135,17
DA:136,17
DA:137,3
DA:139,13
DA:153,13
DA:158,13
DA:159,1
DA:160,7
DA:161,2
DA:162,5
DA:163,1
DA:165,4
DA:178,5
DA:179,5
DA:180,1
DA:182,3
LH:38
LF:43
end_of_record
SF:src/movement_state.jl
DA:129,368
DA:133,184
DA:142,232
DA:143,232
DA:144,232
DA:152,204
DA:153,204
DA:154,204
DA:163,174
DA:164,174
DA:165,6
DA:169,336
DA:171,336
DA:172,356
DA:173,176
DA:174,176
DA:175,176
DA:177,356
DA:180,168
DA:182,168
DA:183,328
DA:187,164
DA:189,4
DA:215,157
DA:216,157
DA:217,157
DA:218,157
DA:222,157
DA:223,157
DA:224,157
DA:227,313
DA:228,264
DA:231,157
DA:237,157
DA:238,157
DA:239,157
DA:240,157
DA:242,157
DA:244,157
DA:247,0
DA:249,0
DA:258,2
DA:259,2
DA:260,2
DA:274,6
DA:275,33
DA:276,3
DA:277,3
DA:278,3
DA:279,3
DA:280,3
DA:288,9
DA:289,9
DA:290,129
DA:291,9
DA:293,0
DA:303,5
DA:304,5
DA:305,5
DA:306,5
LH:57
LF:60
end_of_record
SF:src/visualization.jl
DA:74,5
DA:76,5
DA:77,0
DA:85,5
DA:94,5
DA:107,5
DA:110,5
DA:113,5
DA:122,10
DA:123,5
DA:124,5
DA:126,0
DA:127,0
DA:132,5
DA:141,10
DA:142,7
DA:143,7
DA:144,7
DA:145,7
DA:147,0
DA:148,0
DA:153,5
DA:161,5
DA:162,5
DA:163,5
DA:164,5
DA:169,5
DA:177,2
DA:178,2
DA:181,4
DA:184,2
DA:186,2
DA:187,2
DA:191,2
DA:192,2
DA:195,0
DA:196,0
DA:205,3
DA:207,3
DA:208,3
LH:33
LF:40
end_of_record
