SF:src/PointController.jl
DA:68,4
DA:117,20
DA:119,20
DA:120,20
DA:124,0
DA:133,20
DA:135,20
DA:136,20
DA:140,0
DA:141,0
DA:143,0
DA:176,0
DA:178,0
DA:179,0
DA:180,0
DA:188,0
DA:189,0
DA:191,0
DA:192,0
DA:194,0
DA:196,0
DA:197,0
DA:198,0
DA:204,0
DA:205,0
DA:208,0
DA:210,0
DA:213,0
DA:216,0
DA:217,0
DA:218,0
DA:220,0
DA:221,0
DA:222,0
DA:226,0
DA:227,0
DA:228,0
DA:229,0
DA:230,0
DA:232,0
DA:233,0
DA:238,0
DA:241,0
DA:244,0
DA:247,0
DA:254,0
DA:255,0
DA:256,0
DA:257,0
DA:258,0
DA:263,0
DA:264,0
DA:266,0
DA:267,0
DA:270,0
DA:273,0
DA:276,0
DA:279,0
DA:282,0
DA:284,0
DA:287,0
DA:288,0
DA:291,0
DA:295,0
DA:296,0
DA:297,0
DA:301,0
DA:302,0
DA:305,0
DA:306,0
DA:309,0
DA:310,0
DA:311,0
DA:313,0
DA:315,0
DA:317,0
DA:321,0
DA:322,0
DA:325,0
DA:336,0
DA:337,0
DA:342,0
DA:345,0
DA:346,0
DA:349,0
DA:350,0
DA:355,0
DA:356,0
DA:357,0
DA:358,0
DA:359,0
DA:360,0
DA:361,0
DA:362,0
DA:363,0
DA:364,0
DA:365,0
DA:366,0
DA:367,0
DA:368,0
DA:369,0
DA:370,0
DA:371,0
DA:373,0
DA:374,0
DA:375,0
DA:377,0
DA:386,0
DA:387,0
DA:388,0
DA:390,0
DA:395,0
DA:396,0
DA:406,4
DA:411,49
DA:412,4
DA:415,4
DA:417,4
DA:426,0
DA:427,0
DA:429,0
DA:430,0
DA:433,0
DA:434,0
DA:437,0
DA:441,0
DA:442,0
DA:445,0
DA:446,0
DA:448,0
DA:458,0
DA:459,0
DA:461,0
DA:462,0
DA:463,0
DA:464,0
DA:465,0
DA:466,0
DA:467,0
DA:468,0
DA:470,0
DA:471,0
DA:475,0
DA:483,0
DA:484,0
DA:485,0
DA:486,0
DA:488,0
DA:490,0
DA:500,0
DA:501,0
DA:503,0
DA:505,0
DA:506,0
DA:511,0
DA:516,2
DA:518,2
DA:520,2
DA:521,0
DA:522,0
DA:523,0
DA:524,2
DA:525,2
DA:526,2
DA:527,2
DA:529,0
DA:530,0
DA:531,2
DA:534,0
DA:535,0
DA:536,0
DA:541,1
DA:542,1
DA:544,1
DA:545,0
DA:546,0
DA:547,0
DA:548,1
DA:549,1
DA:550,1
DA:551,1
DA:553,0
DA:554,0
DA:555,0
DA:558,0
DA:559,0
DA:560,0
DA:582,14
DA:583,14
DA:585,7
DA:586,7
DA:588,0
DA:589,0
DA:608,2
DA:609,2
LH:33
LF:195
end_of_record
SF:src/input_handler.jl
DA:57,11
DA:58,11
DA:67,10
DA:68,10
DA:69,10
DA:77,3
DA:78,3
DA:79,3
DA:87,2
DA:88,2
DA:89,2
DA:97,0
DA:98,0
DA:109,12
DA:110,12
DA:112,12
DA:113,2
DA:114,2
DA:115,2
DA:119,20
DA:120,6
DA:121,6
DA:122,6
DA:126,14
DA:130,0
DA:141,7
DA:142,7
DA:144,14
DA:145,3
DA:146,3
DA:147,3
DA:151,11
DA:155,0
DA:165,18
DA:166,18
DA:175,2
DA:176,2
DA:189,3
DA:195,3
DA:198,2
DA:214,2
DA:215,2
DA:218,0
DA:219,0
LH:38
LF:44
end_of_record
SF:src/logging_config.jl
DA:42,15
DA:43,7
DA:46,7
DA:49,7
DA:51,7
DA:53,7
DA:57,0
DA:58,0
DA:59,0
DA:71,1
DA:72,1
DA:73,1
DA:74,1
DA:75,1
DA:77,0
DA:80,0
DA:89,1
DA:90,1
DA:91,1
DA:92,1
DA:100,1
DA:101,1
DA:109,1
DA:110,1
DA:111,1
DA:122,2
DA:123,2
DA:135,17
DA:136,17
DA:137,3
DA:139,13
DA:153,13
DA:158,13
DA:159,1
DA:160,7
DA:161,2
DA:162,5
DA:163,1
DA:165,4
DA:178,5
DA:179,5
DA:180,1
DA:182,3
LH:38
LF:43
end_of_record
SF:src/movement_state.jl
DA:129,368
DA:133,184
DA:142,232
DA:143,232
DA:144,232
DA:152,204
DA:153,204
DA:154,204
DA:163,174
DA:164,174
DA:165,6
DA:169,336
DA:171,336
DA:172,356
DA:173,176
DA:174,176
DA:175,176
DA:177,356
DA:180,168
DA:182,168
DA:183,328
DA:187,164
DA:189,4
DA:215,157
DA:216,157
DA:217,157
DA:218,157
DA:222,157
DA:223,157
DA:224,157
DA:227,313
DA:228,264
DA:231,157
DA:237,157
DA:238,157
DA:239,157
DA:240,157
DA:242,157
DA:244,157
DA:247,0
DA:249,0
DA:258,2
DA:259,2
DA:260,2
DA:274,6
DA:275,33
DA:276,3
DA:277,3
DA:278,3
DA:279,3
DA:280,3
DA:288,9
DA:289,9
DA:290,129
DA:291,9
DA:293,0
DA:303,5
DA:304,5
DA:305,5
DA:306,5
LH:57
LF:60
end_of_record
SF:src/visualization.jl
DA:74,5
DA:76,5
DA:77,0
DA:85,5
DA:94,5
DA:107,5
DA:110,5
DA:113,5
DA:122,10
DA:123,5
DA:124,5
DA:126,0
DA:127,0
DA:132,5
DA:141,10
DA:142,7
DA:143,7
DA:144,7
DA:145,7
DA:147,0
DA:148,0
DA:153,5
DA:161,5
DA:162,5
DA:163,5
DA:164,5
DA:169,5
DA:177,2
DA:178,2
DA:181,4
DA:184,2
DA:186,2
DA:187,2
DA:191,2
DA:192,2
DA:195,0
DA:196,0
DA:205,3
DA:207,3
DA:208,3
LH:33
LF:40
end_of_record
